<?xml version="1.0" encoding="UTF-8"?>
<testsuite name="ohtu.verkkokauppa.KauppaTest" tests="8" skipped="0" failures="0" errors="0" timestamp="2019-11-25T14:14:08" hostname="Joonass-MacBook-Pro.local" time="0.983">
  <properties/>
  <testcase name="uusiViite" classname="ohtu.verkkokauppa.KauppaTest" time="0.932"/>
  <testcase name="kolmas" classname="ohtu.verkkokauppa.KauppaTest" time="0.007"/>
  <testcase name="poisto" classname="ohtu.verkkokauppa.KauppaTest" time="0.009"/>
  <testcase name="ostoksenPaaytyttyaPankinMetodiaTilisiirtoKutsutaan" classname="ohtu.verkkokauppa.KauppaTest" time="0.009"/>
  <testcase name="toka" classname="ohtu.verkkokauppa.KauppaTest" time="0.005"/>
  <testcase name="lyhyempiNimi" classname="ohtu.verkkokauppa.KauppaTest" time="0.007"/>
  <testcase name="neljaes" classname="ohtu.verkkokauppa.KauppaTest" time="0.006"/>
  <testcase name="nollaus" classname="ohtu.verkkokauppa.KauppaTest" time="0.007"/>
  <system-out><![CDATA[]]></system-out>
  <system-err><![CDATA[]]></system-err>
</testsuite>
